[
  {
    "QUERY PLAN": [
  {
    "Plan": {
      "Node Type": "Aggregate",
      "Strategy": "Sorted",
      "Partial Mode": "Simple",
      "Parallel Aware": false,
      "Async Capable": false,
      "Startup Cost": 1730.26,
      "Total Cost": 1731.17,
      "Plan Rows": 52,
      "Plan Width": 126,
      "Actual Startup Time": 1.830,
      "Actual Total Time": 1.833,
      "Actual Rows": 5,
      "Actual Loops": 1,
      "Output": ["medico_lima.especialidad", "count(*)"],
      "Group Key": ["medico_lima.especialidad"],
      "Plans": [
        {
          "Node Type": "Sort",
          "Parent Relationship": "Outer",
          "Parallel Aware": false,
          "Async Capable": false,
          "Startup Cost": 1730.26,
          "Total Cost": 1730.39,
          "Plan Rows": 52,
          "Plan Width": 118,
          "Actual Startup Time": 1.826,
          "Actual Total Time": 1.828,
          "Actual Rows": 5,
          "Actual Loops": 1,
          "Output": ["medico_lima.especialidad"],
          "Sort Key": ["medico_lima.especialidad"],
          "Sort Method": "quicksort",
          "Sort Space Used": 25,
          "Sort Space Type": "Memory",
          "Plans": [
            {
              "Node Type": "Merge Join",
              "Parent Relationship": "Outer",
              "Parallel Aware": false,
              "Async Capable": false,
              "Join Type": "Inner",
              "Startup Cost": 1705.97,
              "Total Cost": 1728.78,
              "Plan Rows": 52,
              "Plan Width": 118,
              "Actual Startup Time": 1.820,
              "Actual Total Time": 1.824,
              "Actual Rows": 5,
              "Actual Loops": 1,
              "Output": ["medico_lima.especialidad"],
              "Inner Unique": false,
              "Merge Cond": "(((medico_lima.dni)::text = (diagnostico_lima.dni_medico)::text) AND ((medico_lima.ciudad)::text = (diagnostico_lima.ciudad)::text))",
              "Plans": [
                {
                  "Node Type": "Sort",
                  "Parent Relationship": "Outer",
                  "Parallel Aware": false,
                  "Async Capable": false,
                  "Startup Cost": 746.46,
                  "Total Cost": 749.24,
                  "Plan Rows": 1112,
                  "Plan Width": 270,
                  "Actual Startup Time": 1.020,
                  "Actual Total Time": 1.021,
                  "Actual Rows": 5,
                  "Actual Loops": 1,
                  "Output": ["medico_lima.especialidad", "medico_lima.dni", "medico_lima.ciudad"],
                  "Sort Key": ["medico_lima.dni", "medico_lima.ciudad"],
                  "Sort Method": "quicksort",
                  "Sort Space Used": 25,
                  "Sort Space Type": "Memory",
                  "Plans": [
                    {
                      "Node Type": "Append",
                      "Parent Relationship": "Outer",
                      "Parallel Aware": false,
                      "Async Capable": false,
                      "Startup Cost": 100.00,
                      "Total Cost": 690.20,
                      "Plan Rows": 1112,
                      "Plan Width": 270,
                      "Actual Startup Time": 0.238,
                      "Actual Total Time": 1.012,
                      "Actual Rows": 5,
                      "Actual Loops": 1,
                      "Subplans Removed": 0,
                      "Plans": [
                        {
                          "Node Type": "Foreign Scan",
                          "Operation": "Select",
                          "Parent Relationship": "Member",
                          "Parallel Aware": false,
                          "Async Capable": false,
                          "Relation Name": "medico_lima",
                          "Schema": "worker1",
                          "Alias": "medico_lima",
                          "Startup Cost": 100.00,
                          "Total Cost": 171.16,
                          "Plan Rows": 278,
                          "Plan Width": 270,
                          "Actual Startup Time": 0.238,
                          "Actual Total Time": 0.238,
                          "Actual Rows": 2,
                          "Actual Loops": 1,
                          "Output": ["medico_lima.especialidad", "medico_lima.dni", "medico_lima.ciudad"],
                          "Remote SQL": "SELECT dni, especialidad, ciudad FROM public.medico_lima"
                        },
                        {
                          "Node Type": "Foreign Scan",
                          "Operation": "Select",
                          "Parent Relationship": "Member",
                          "Parallel Aware": false,
                          "Async Capable": false,
                          "Relation Name": "medico_arequipa",
                          "Schema": "worker1",
                          "Alias": "medico_arequipa",
                          "Startup Cost": 100.00,
                          "Total Cost": 171.16,
                          "Plan Rows": 278,
                          "Plan Width": 270,
                          "Actual Startup Time": 0.218,
                          "Actual Total Time": 0.218,
                          "Actual Rows": 1,
                          "Actual Loops": 1,
                          "Output": ["medico_arequipa.especialidad", "medico_arequipa.dni", "medico_arequipa.ciudad"],
                          "Remote SQL": "SELECT dni, especialidad, ciudad FROM public.medico_arequipa"
                        },
                        {
                          "Node Type": "Foreign Scan",
                          "Operation": "Select",
                          "Parent Relationship": "Member",
                          "Parallel Aware": false,
                          "Async Capable": false,
                          "Relation Name": "medico_trujillo",
                          "Schema": "worker2",
                          "Alias": "medico_trujillo",
                          "Startup Cost": 100.00,
                          "Total Cost": 171.16,
                          "Plan Rows": 278,
                          "Plan Width": 270,
                          "Actual Startup Time": 0.261,
                          "Actual Total Time": 0.262,
                          "Actual Rows": 1,
                          "Actual Loops": 1,
                          "Output": ["medico_trujillo.especialidad", "medico_trujillo.dni", "medico_trujillo.ciudad"],
                          "Remote SQL": "SELECT dni, especialidad, ciudad FROM public.medico_trujillo"
                        },
                        {
                          "Node Type": "Foreign Scan",
                          "Operation": "Select",
                          "Parent Relationship": "Member",
                          "Parallel Aware": false,
                          "Async Capable": false,
                          "Relation Name": "medico_cusco",
                          "Schema": "worker2",
                          "Alias": "medico_cusco",
                          "Startup Cost": 100.00,
                          "Total Cost": 171.16,
                          "Plan Rows": 278,
                          "Plan Width": 270,
                          "Actual Startup Time": 0.289,
                          "Actual Total Time": 0.289,
                          "Actual Rows": 1,
                          "Actual Loops": 1,
                          "Output": ["medico_cusco.especialidad", "medico_cusco.dni", "medico_cusco.ciudad"],
                          "Remote SQL": "SELECT dni, especialidad, ciudad FROM public.medico_cusco"
                        }
                      ]
                    }
                  ]
                },
                {
                  "Node Type": "Sort",
                  "Parent Relationship": "Inner",
                  "Parallel Aware": false,
                  "Async Capable": false,
                  "Startup Cost": 959.51,
                  "Total Cost": 964.16,
                  "Plan Rows": 1860,
                  "Plan Width": 152,
                  "Actual Startup Time": 0.797,
                  "Actual Total Time": 0.798,
                  "Actual Rows": 5,
                  "Actual Loops": 1,
                  "Output": ["diagnostico_lima.dni_medico", "diagnostico_lima.ciudad"],
                  "Sort Key": ["diagnostico_lima.dni_medico", "diagnostico_lima.ciudad"],
                  "Sort Method": "quicksort",
                  "Sort Space Used": 25,
                  "Sort Space Type": "Memory",
                  "Plans": [
                    {
                      "Node Type": "Append",
                      "Parent Relationship": "Outer",
                      "Parallel Aware": false,
                      "Async Capable": false,
                      "Startup Cost": 100.00,
                      "Total Cost": 858.50,
                      "Plan Rows": 1860,
                      "Plan Width": 152,
                      "Actual Startup Time": 0.196,
                      "Actual Total Time": 0.792,
                      "Actual Rows": 5,
                      "Actual Loops": 1,
                      "Subplans Removed": 0,
                      "Plans": [
                        {
                          "Node Type": "Foreign Scan",
                          "Operation": "Select",
                          "Parent Relationship": "Member",
                          "Parallel Aware": false,
                          "Async Capable": false,
                          "Relation Name": "diagnostico_lima",
                          "Schema": "worker1",
                          "Alias": "diagnostico_lima",
                          "Startup Cost": 100.00,
                          "Total Cost": 212.30,
                          "Plan Rows": 465,
                          "Plan Width": 152,
                          "Actual Startup Time": 0.196,
                          "Actual Total Time": 0.196,
                          "Actual Rows": 2,
                          "Actual Loops": 1,
                          "Output": ["diagnostico_lima.dni_medico", "diagnostico_lima.ciudad"],
                          "Remote SQL": "SELECT dni_medico, ciudad FROM public.diagnostico_lima"
                        },
                        {
                          "Node Type": "Foreign Scan",
                          "Operation": "Select",
                          "Parent Relationship": "Member",
                          "Parallel Aware": false,
                          "Async Capable": false,
                          "Relation Name": "diagnostico_arequipa",
                          "Schema": "worker1",
                          "Alias": "diagnostico_arequipa",
                          "Startup Cost": 100.00,
                          "Total Cost": 212.30,
                          "Plan Rows": 465,
                          "Plan Width": 152,
                          "Actual Startup Time": 0.197,
                          "Actual Total Time": 0.197,
                          "Actual Rows": 1,
                          "Actual Loops": 1,
                          "Output": ["diagnostico_arequipa.dni_medico", "diagnostico_arequipa.ciudad"],
                          "Remote SQL": "SELECT dni_medico, ciudad FROM public.diagnostico_arequipa"
                        },
                        {
                          "Node Type": "Foreign Scan",
                          "Operation": "Select",
                          "Parent Relationship": "Member",
                          "Parallel Aware": false,
                          "Async Capable": false,
                          "Relation Name": "diagnostico_trujillo",
                          "Schema": "worker2",
                          "Alias": "diagnostico_trujillo",
                          "Startup Cost": 100.00,
                          "Total Cost": 212.30,
                          "Plan Rows": 465,
                          "Plan Width": 152,
                          "Actual Startup Time": 0.193,
                          "Actual Total Time": 0.193,
                          "Actual Rows": 1,
                          "Actual Loops": 1,
                          "Output": ["diagnostico_trujillo.dni_medico", "diagnostico_trujillo.ciudad"],
                          "Remote SQL": "SELECT dni_medico, ciudad FROM public.diagnostico_trujillo"
                        },
                        {
                          "Node Type": "Foreign Scan",
                          "Operation": "Select",
                          "Parent Relationship": "Member",
                          "Parallel Aware": false,
                          "Async Capable": false,
                          "Relation Name": "diagnostico_cusco",
                          "Schema": "worker2",
                          "Alias": "diagnostico_cusco",
                          "Startup Cost": 100.00,
                          "Total Cost": 212.30,
                          "Plan Rows": 465,
                          "Plan Width": 152,
                          "Actual Startup Time": 0.203,
                          "Actual Total Time": 0.203,
                          "Actual Rows": 1,
                          "Actual Loops": 1,
                          "Output": ["diagnostico_cusco.dni_medico", "diagnostico_cusco.ciudad"],
                          "Remote SQL": "SELECT dni_medico, ciudad FROM public.diagnostico_cusco"
                        }
                      ]
                    }
                  ]
                }
              ]
            }
          ]
        }
      ]
    },
    "Planning Time": 0.194,
    "Triggers": [
    ],
    "Execution Time": 2.720
  }
]
  }
]
